DEBUG:root:Starting monitoring of gpio05
2015-10-10 23:23:36,942 Starting monitoring of gpio05
2015-10-10 23:23:42,056 Starting monitoring of gpio05
2015-10-11 00:15:06,656 switch closed
2015-10-11 01:01:06,619 Starting monitoring of gpio05
2015-10-11 01:06:02,369 Starting monitoring of gpio05
2015-10-11 02:02:51,884 Starting monitoring of gpio05
2015-10-11 03:05:01,987 Starting monitoring of gpio05
2015-10-11 15:45:20,794 Starting monitoring of gpio05
2015-10-11 15:47:32,191 Starting monitoring of gpio05
2015-10-11 15:52:20,841 switch closed
2015-10-11 16:08:15,272 Starting monitoring of gpio05
2015-10-11 16:08:15,276 switch gpio05 anemometer closed
2015-10-11 16:08:52,103 switch gpio05 anemometer closed
2015-10-11 16:09:35,047 switch gpio05 anemometer closed
2015-10-11 16:09:38,556 switch gpio05 anemometer closed
2015-10-11 16:09:43,167 switch gpio05 anemometer closed
2015-10-11 16:09:47,328 switch gpio05 anemometer closed
2015-10-11 16:10:01,262 switch gpio05 anemometer closed
2015-10-11 16:10:03,368 switch gpio05 anemometer closed
2015-10-11 16:10:05,073 switch gpio05 anemometer closed
2015-10-11 16:10:06,477 switch gpio05 anemometer closed
2015-10-11 16:10:07,831 switch gpio05 anemometer closed
2015-10-11 16:10:09,185 switch gpio05 anemometer closed
2015-10-11 16:10:10,689 switch gpio05 anemometer closed
2015-10-11 16:10:12,244 switch gpio05 anemometer closed
2015-10-11 16:10:14,148 switch gpio05 anemometer closed
2015-10-11 16:10:16,204 switch gpio05 anemometer closed
2015-10-11 16:10:18,910 switch gpio05 anemometer closed
2015-10-11 16:10:21,918 switch gpio05 anemometer closed
2015-10-11 16:10:26,428 switch gpio05 anemometer closed
2015-10-11 16:10:30,488 switch gpio05 anemometer closed
2015-10-11 16:10:57,143 switch gpio05 anemometer closed
2015-10-11 16:11:30,814 switch gpio05 anemometer closed
2015-10-11 16:11:33,371 switch gpio05 anemometer closed
2015-10-11 16:11:35,676 switch gpio05 anemometer closed
2015-10-11 16:11:37,580 switch gpio05 anemometer closed
2015-10-11 16:11:39,435 switch gpio05 anemometer closed
2015-10-11 16:11:41,040 switch gpio05 anemometer closed
2015-10-11 16:11:42,694 switch gpio05 anemometer closed
2015-10-11 16:11:44,359 switch gpio05 anemometer closed
2015-10-11 16:11:46,014 switch gpio05 anemometer closed
2015-10-11 16:11:47,618 switch gpio05 anemometer closed
2015-10-11 16:11:49,072 switch gpio05 anemometer closed
2015-10-11 16:11:50,276 switch gpio05 anemometer closed
2015-10-11 16:11:51,229 switch gpio05 anemometer closed
2015-10-11 16:11:52,132 switch gpio05 anemometer closed
2015-10-11 16:11:52,985 switch gpio05 anemometer closed
2015-10-11 16:11:53,789 switch gpio05 anemometer closed
2015-10-11 16:11:54,492 switch gpio05 anemometer closed
2015-10-11 16:11:55,203 switch gpio05 anemometer closed
2015-10-11 16:11:55,806 switch gpio05 anemometer closed
2015-10-11 16:11:56,458 switch gpio05 anemometer closed
2015-10-11 16:11:57,110 switch gpio05 anemometer closed
2015-10-11 16:11:57,712 switch gpio05 anemometer closed
2015-10-11 16:11:58,264 switch gpio05 anemometer closed
2015-10-11 16:11:58,867 switch gpio05 anemometer closed
2015-10-11 16:11:59,469 switch gpio05 anemometer closed
2015-10-11 16:12:00,122 switch gpio05 anemometer closed
2015-10-11 16:12:00,774 switch gpio05 anemometer closed
2015-10-11 16:12:01,377 switch gpio05 anemometer closed
2015-10-11 16:12:02,029 switch gpio05 anemometer closed
2015-10-11 16:12:02,632 switch gpio05 anemometer closed
2015-10-11 16:12:03,234 switch gpio05 anemometer closed
2015-10-11 16:12:03,786 switch gpio05 anemometer closed
2015-10-11 16:12:04,339 switch gpio05 anemometer closed
2015-10-11 16:12:04,841 switch gpio05 anemometer closed
2015-10-11 16:12:05,343 switch gpio05 anemometer closed
2015-10-11 16:12:05,853 switch gpio05 anemometer closed
2015-10-11 16:12:06,355 switch gpio05 anemometer closed
2015-10-11 16:12:06,857 switch gpio05 anemometer closed
2015-10-11 16:12:07,360 switch gpio05 anemometer closed
2015-10-11 16:12:07,862 switch gpio05 anemometer closed
2015-10-11 16:12:08,314 switch gpio05 anemometer closed
2015-10-11 16:12:08,817 switch gpio05 anemometer closed
2015-10-11 16:12:09,219 switch gpio05 anemometer closed
2015-10-11 16:12:09,671 switch gpio05 anemometer closed
2015-10-11 16:12:10,123 switch gpio05 anemometer closed
2015-10-11 16:12:10,525 switch gpio05 anemometer closed
2015-10-11 16:12:10,932 switch gpio05 anemometer closed
2015-10-11 16:12:11,335 switch gpio05 anemometer closed
2015-10-11 16:12:11,737 switch gpio05 anemometer closed
2015-10-11 16:12:12,139 switch gpio05 anemometer closed
2015-10-11 16:12:12,541 switch gpio05 anemometer closed
2015-10-11 16:12:12,943 switch gpio05 anemometer closed
2015-10-11 16:12:13,295 switch gpio05 anemometer closed
2015-10-11 16:12:13,747 switch gpio05 anemometer closed
2015-10-11 16:12:14,149 switch gpio05 anemometer closed
2015-10-11 16:12:14,551 switch gpio05 anemometer closed
2015-10-11 16:12:15,003 switch gpio05 anemometer closed
2015-10-11 16:12:15,406 switch gpio05 anemometer closed
2015-10-11 16:12:15,858 switch gpio05 anemometer closed
2015-10-11 16:12:16,318 switch gpio05 anemometer closed
2015-10-11 16:12:16,771 switch gpio05 anemometer closed
2015-10-11 16:12:17,273 switch gpio05 anemometer closed
2015-10-11 16:12:17,725 switch gpio05 anemometer closed
2015-10-11 16:12:18,228 switch gpio05 anemometer closed
2015-10-11 16:12:18,730 switch gpio05 anemometer closed
2015-10-11 16:12:19,283 switch gpio05 anemometer closed
2015-10-11 16:12:19,785 switch gpio05 anemometer closed
2015-10-11 16:12:20,338 switch gpio05 anemometer closed
2015-10-11 16:12:20,941 switch gpio05 anemometer closed
2015-10-11 16:12:21,598 switch gpio05 anemometer closed
2015-10-11 16:12:22,200 switch gpio05 anemometer closed
2015-10-11 16:12:22,853 switch gpio05 anemometer closed
2015-10-11 16:12:23,557 switch gpio05 anemometer closed
2015-10-11 16:12:24,260 switch gpio05 anemometer closed
2015-10-11 16:12:24,964 switch gpio05 anemometer closed
2015-10-11 16:12:25,667 switch gpio05 anemometer closed
2015-10-11 16:12:26,421 switch gpio05 anemometer closed
2015-10-11 16:12:27,226 switch gpio05 anemometer closed
2015-10-11 16:12:28,079 switch gpio05 anemometer closed
2015-10-11 16:12:29,033 switch gpio05 anemometer closed
2015-10-11 16:12:30,086 switch gpio05 anemometer closed
2015-10-11 16:12:31,140 switch gpio05 anemometer closed
2015-10-11 16:12:32,194 switch gpio05 anemometer closed
2015-10-11 16:12:33,254 switch gpio05 anemometer closed
2015-10-11 16:12:34,259 switch gpio05 anemometer closed
2015-10-11 16:12:35,164 switch gpio05 anemometer closed
2015-10-11 16:12:35,867 switch gpio05 anemometer closed
2015-10-11 16:12:36,571 switch gpio05 anemometer closed
2015-10-11 16:12:37,174 switch gpio05 anemometer closed
2015-10-11 16:12:37,828 switch gpio05 anemometer closed
2015-10-11 16:12:38,432 switch gpio05 anemometer closed
2015-10-11 16:12:39,085 switch gpio05 anemometer closed
2015-10-11 16:12:39,739 switch gpio05 anemometer closed
2015-10-11 16:12:40,491 switch gpio05 anemometer closed
2015-10-11 16:12:41,243 switch gpio05 anemometer closed
2015-10-11 16:12:42,096 switch gpio05 anemometer closed
2015-10-11 16:12:43,048 switch gpio05 anemometer closed
2015-10-11 16:12:44,897 switch gpio05 anemometer closed
2015-10-11 16:12:45,800 switch gpio05 anemometer closed
2015-10-11 16:12:46,704 switch gpio05 anemometer closed
2015-10-11 16:12:47,659 switch gpio05 anemometer closed
2015-10-11 16:12:48,563 switch gpio05 anemometer closed
2015-10-11 16:12:49,466 switch gpio05 anemometer closed
2015-10-11 16:12:50,319 switch gpio05 anemometer closed
2015-10-11 16:12:51,121 switch gpio05 anemometer closed
2015-10-11 16:12:51,924 switch gpio05 anemometer closed
2015-10-11 16:12:52,676 switch gpio05 anemometer closed
2015-10-11 16:12:54,139 switch gpio05 anemometer closed
2015-10-11 16:12:54,844 switch gpio05 anemometer closed
2015-10-11 16:12:55,648 switch gpio05 anemometer closed
2015-10-11 16:12:56,402 switch gpio05 anemometer closed
2015-10-11 16:12:57,206 switch gpio05 anemometer closed
2015-10-11 16:12:58,060 switch gpio05 anemometer closed
2015-10-11 16:12:59,064 switch gpio05 anemometer closed
2015-10-11 16:12:59,918 switch gpio05 anemometer closed
2015-10-11 16:13:00,874 switch gpio05 anemometer closed
2015-10-11 16:13:01,777 switch gpio05 anemometer closed
2015-10-11 16:13:02,731 switch gpio05 anemometer closed
2015-10-11 16:13:03,734 switch gpio05 anemometer closed
2015-10-11 16:13:04,687 switch gpio05 anemometer closed
2015-10-11 16:13:05,640 switch gpio05 anemometer closed
2015-10-11 16:13:06,492 switch gpio05 anemometer closed
2015-10-11 16:13:07,345 switch gpio05 anemometer closed
2015-10-11 16:13:08,197 switch gpio05 anemometer closed
2015-10-11 16:13:09,100 switch gpio05 anemometer closed
2015-10-11 16:13:09,959 switch gpio05 anemometer closed
2015-10-11 16:13:10,912 switch gpio05 anemometer closed
2015-10-11 16:13:11,966 switch gpio05 anemometer closed
2015-10-11 16:13:13,070 switch gpio05 anemometer closed
2015-10-11 16:13:14,124 switch gpio05 anemometer closed
2015-10-11 16:13:15,079 switch gpio05 anemometer closed
2015-10-11 16:13:16,032 switch gpio05 anemometer closed
2015-10-11 16:13:16,986 switch gpio05 anemometer closed
2015-10-11 16:13:17,989 switch gpio05 anemometer closed
2015-10-11 16:13:19,042 switch gpio05 anemometer closed
2015-10-11 16:13:20,146 switch gpio05 anemometer closed
2015-10-11 16:13:21,350 switch gpio05 anemometer closed
2015-10-11 16:13:22,604 switch gpio05 anemometer closed
2015-10-11 16:13:24,058 switch gpio05 anemometer closed
2015-10-11 16:13:25,613 switch gpio05 anemometer closed
2015-10-11 16:13:27,319 switch gpio05 anemometer closed
2015-10-11 16:13:29,175 switch gpio05 anemometer closed
2015-10-11 16:13:32,934 switch gpio05 anemometer closed
2015-10-11 16:13:35,391 switch gpio05 anemometer closed
2015-10-11 16:13:38,599 switch gpio05 anemometer closed
2015-10-11 16:13:41,006 switch gpio05 anemometer closed
2015-10-11 16:13:43,312 switch gpio05 anemometer closed
2015-10-11 16:13:44,887 switch gpio05 anemometer closed
2015-10-11 16:13:46,291 switch gpio05 anemometer closed
2015-10-11 16:13:47,695 switch gpio05 anemometer closed
2015-10-11 16:13:49,200 switch gpio05 anemometer closed
2015-10-11 16:13:50,705 switch gpio05 anemometer closed
2015-10-11 16:13:52,410 switch gpio05 anemometer closed
2015-10-11 16:13:54,215 switch gpio05 anemometer closed
2015-10-11 16:13:56,423 switch gpio05 anemometer closed
2015-10-11 16:13:59,029 switch gpio05 anemometer closed
2015-10-11 16:14:04,242 switch gpio05 anemometer closed
2015-10-11 16:14:07,701 switch gpio05 anemometer closed
2015-10-11 16:14:11,310 switch gpio05 anemometer closed
2015-10-11 16:14:14,518 switch gpio05 anemometer closed
2015-10-11 16:14:19,630 switch gpio05 anemometer closed
2015-10-11 16:14:23,891 switch gpio05 anemometer closed
2015-10-11 16:14:26,848 switch gpio05 anemometer closed
2015-10-11 16:14:30,006 switch gpio05 anemometer closed
2015-10-11 16:14:32,613 switch gpio05 anemometer closed
2015-10-11 16:14:35,070 switch gpio05 anemometer closed
2015-10-11 16:16:01,401 switch gpio05 anemometer closed
2015-10-11 16:16:03,357 switch gpio05 anemometer closed
2015-10-11 16:16:05,213 switch gpio05 anemometer closed
2015-10-11 16:16:06,868 switch gpio05 anemometer closed
2015-10-11 16:16:08,327 switch gpio05 anemometer closed
2015-10-11 16:16:09,682 switch gpio05 anemometer closed
2015-10-11 16:16:11,036 switch gpio05 anemometer closed
2015-10-11 16:16:12,390 switch gpio05 anemometer closed
2015-10-11 16:16:13,794 switch gpio05 anemometer closed
2015-10-11 16:16:15,249 switch gpio05 anemometer closed
2015-10-11 16:16:16,753 switch gpio05 anemometer closed
2015-10-11 16:16:18,258 switch gpio05 anemometer closed
2015-10-11 16:16:19,812 switch gpio05 anemometer closed
2015-10-11 16:16:21,317 switch gpio05 anemometer closed
2015-10-11 16:16:22,921 switch gpio05 anemometer closed
2015-10-11 16:16:24,426 switch gpio05 anemometer closed
2015-10-11 16:16:25,930 switch gpio05 anemometer closed
2015-10-11 16:16:27,435 switch gpio05 anemometer closed
2015-10-11 16:16:29,140 switch gpio05 anemometer closed
2015-10-11 16:16:31,045 switch gpio05 anemometer closed
2015-10-11 16:16:32,951 switch gpio05 anemometer closed
2015-10-11 16:16:34,405 switch gpio05 anemometer closed
2015-10-11 16:16:35,659 switch gpio05 anemometer closed
2015-10-11 16:16:36,763 switch gpio05 anemometer closed
2015-10-11 16:16:37,817 switch gpio05 anemometer closed
2015-10-11 16:16:38,770 switch gpio05 anemometer closed
2015-10-11 16:16:39,623 switch gpio05 anemometer closed
2015-10-11 16:16:40,476 switch gpio05 anemometer closed
2015-10-11 16:16:41,279 switch gpio05 anemometer closed
2015-10-11 16:16:42,132 switch gpio05 anemometer closed
2015-10-11 16:16:43,035 switch gpio05 anemometer closed
2015-10-11 16:16:44,039 switch gpio05 anemometer closed
2015-10-11 16:16:45,042 switch gpio05 anemometer closed
2015-10-11 16:16:45,945 switch gpio05 anemometer closed
2015-10-11 16:16:46,849 switch gpio05 anemometer closed
2015-10-11 16:16:47,802 switch gpio05 anemometer closed
2015-10-11 16:16:48,863 switch gpio05 anemometer closed
2015-10-11 16:16:50,218 switch gpio05 anemometer closed
2015-10-11 16:16:51,872 switch gpio05 anemometer closed
2015-10-11 16:16:53,828 switch gpio05 anemometer closed
2015-10-11 16:16:56,685 switch gpio05 anemometer closed
2015-10-11 16:16:59,342 switch gpio05 anemometer closed
2015-10-11 16:17:01,949 switch gpio05 anemometer closed
2015-10-11 16:17:04,105 switch gpio05 anemometer closed
2015-10-11 16:17:06,261 switch gpio05 anemometer closed
2015-10-11 16:17:08,316 switch gpio05 anemometer closed
2015-10-11 16:17:10,222 switch gpio05 anemometer closed
2015-10-11 16:17:11,977 switch gpio05 anemometer closed
2015-10-11 16:17:13,887 switch gpio05 anemometer closed
2015-10-11 16:17:15,692 switch gpio05 anemometer closed
2015-10-11 16:17:17,898 switch gpio05 anemometer closed
2015-10-11 16:17:20,255 switch gpio05 anemometer closed
2015-10-11 16:17:23,112 switch gpio05 anemometer closed
2015-10-11 16:17:25,422 switch gpio05 anemometer closed
2015-10-11 16:17:27,177 switch gpio05 anemometer closed
2015-10-11 16:17:28,681 switch gpio05 anemometer closed
2015-10-11 16:17:29,741 switch gpio05 anemometer closed
2015-10-11 16:17:30,544 switch gpio05 anemometer closed
2015-10-11 16:17:31,196 switch gpio05 anemometer closed
2015-10-11 16:17:31,899 switch gpio05 anemometer closed
2015-10-11 16:17:32,552 switch gpio05 anemometer closed
2015-10-11 16:17:33,204 switch gpio05 anemometer closed
2015-10-11 16:17:33,857 switch gpio05 anemometer closed
2015-10-11 16:17:34,514 switch gpio05 anemometer closed
2015-10-11 16:17:35,267 switch gpio05 anemometer closed
2015-10-11 16:17:36,170 switch gpio05 anemometer closed
2015-10-11 16:17:37,074 switch gpio05 anemometer closed
2015-10-11 16:17:37,977 switch gpio05 anemometer closed
2015-10-11 16:17:38,980 switch gpio05 anemometer closed
2015-10-11 16:17:39,840 switch gpio05 anemometer closed
2015-10-11 16:17:40,694 switch gpio05 anemometer closed
2015-10-11 16:17:41,597 switch gpio05 anemometer closed
2015-10-11 16:17:42,500 switch gpio05 anemometer closed
2015-10-11 16:17:43,403 switch gpio05 anemometer closed
2015-10-11 16:17:44,407 switch gpio05 anemometer closed
2015-10-11 16:17:45,511 switch gpio05 anemometer closed
2015-10-11 16:17:46,765 switch gpio05 anemometer closed
2015-10-11 16:17:48,069 switch gpio05 anemometer closed
2015-10-11 16:17:49,473 switch gpio05 anemometer closed
2015-10-11 16:17:50,731 switch gpio05 anemometer closed
2015-10-11 16:17:51,935 switch gpio05 anemometer closed
2015-10-11 16:17:53,038 switch gpio05 anemometer closed
2015-10-11 16:17:54,042 switch gpio05 anemometer closed
2015-10-11 16:17:55,095 switch gpio05 anemometer closed
2015-10-11 16:17:56,251 switch gpio05 anemometer closed
2015-10-11 16:17:57,405 switch gpio05 anemometer closed
2015-10-11 16:17:58,458 switch gpio05 anemometer closed
2015-10-11 16:17:59,512 switch gpio05 anemometer closed
2015-10-11 16:18:00,565 switch gpio05 anemometer closed
2015-10-11 16:18:01,622 switch gpio05 anemometer closed
2015-10-11 16:18:02,425 switch gpio05 anemometer closed
2015-10-11 16:18:03,228 switch gpio05 anemometer closed
2015-10-11 16:18:04,031 switch gpio05 anemometer closed
2015-10-11 16:18:04,834 switch gpio05 anemometer closed
2015-10-11 16:18:05,737 switch gpio05 anemometer closed
2015-10-11 16:18:06,642 switch gpio05 anemometer closed
2015-10-11 16:18:07,545 switch gpio05 anemometer closed
2015-10-11 16:18:08,448 switch gpio05 anemometer closed
2015-10-11 16:18:09,402 switch gpio05 anemometer closed
2015-10-11 16:18:10,255 switch gpio05 anemometer closed
2015-10-11 16:18:11,108 switch gpio05 anemometer closed
2015-10-11 16:18:12,015 switch gpio05 anemometer closed
2015-10-11 16:18:12,919 switch gpio05 anemometer closed
2015-10-11 16:18:13,722 switch gpio05 anemometer closed
2015-10-11 16:18:14,575 switch gpio05 anemometer closed
2015-10-11 16:18:15,428 switch gpio05 anemometer closed
2015-10-11 16:18:16,281 switch gpio05 anemometer closed
2015-10-11 16:18:17,136 switch gpio05 anemometer closed
2015-10-11 16:18:18,039 switch gpio05 anemometer closed
2015-10-11 16:18:18,892 switch gpio05 anemometer closed
2015-10-11 16:18:19,745 switch gpio05 anemometer closed
2015-10-11 16:18:20,648 switch gpio05 anemometer closed
2015-10-11 16:18:21,551 switch gpio05 anemometer closed
2015-10-11 16:18:22,560 switch gpio05 anemometer closed
2015-10-11 16:18:23,564 switch gpio05 anemometer closed
2015-10-11 16:18:24,617 switch gpio05 anemometer closed
2015-10-11 16:18:25,771 switch gpio05 anemometer closed
2015-10-11 16:18:27,075 switch gpio05 anemometer closed
2015-10-11 16:18:28,531 switch gpio05 anemometer closed
2015-10-11 16:18:30,136 switch gpio05 anemometer closed
2015-10-11 16:18:31,741 switch gpio05 anemometer closed
2015-10-11 16:18:33,195 switch gpio05 anemometer closed
2015-10-11 16:18:34,449 switch gpio05 anemometer closed
2015-10-11 16:18:35,703 switch gpio05 anemometer closed
2015-10-11 16:18:36,957 switch gpio05 anemometer closed
2015-10-11 16:18:38,261 switch gpio05 anemometer closed
2015-10-11 16:18:39,670 switch gpio05 anemometer closed
2015-10-11 16:18:41,325 switch gpio05 anemometer closed
2015-10-11 16:18:43,381 switch gpio05 anemometer closed
2015-10-11 16:18:45,847 switch gpio05 anemometer closed
2015-10-11 16:18:51,661 switch gpio05 anemometer closed
2015-10-11 16:18:54,719 switch gpio05 anemometer closed
2015-10-11 16:18:56,925 switch gpio05 anemometer closed
2015-10-11 16:18:58,430 switch gpio05 anemometer closed
2015-10-11 16:18:59,683 switch gpio05 anemometer closed
2015-10-11 16:19:00,687 switch gpio05 anemometer closed
2015-10-11 16:19:01,640 switch gpio05 anemometer closed
2015-10-11 16:19:02,393 switch gpio05 anemometer closed
2015-10-11 16:19:03,096 switch gpio05 anemometer closed
2015-10-11 16:19:03,699 switch gpio05 anemometer closed
2015-10-11 16:19:04,251 switch gpio05 anemometer closed
2015-10-11 16:19:04,803 switch gpio05 anemometer closed
2015-10-11 16:19:05,255 switch gpio05 anemometer closed
2015-10-11 16:19:05,758 switch gpio05 anemometer closed
2015-10-11 16:19:06,260 switch gpio05 anemometer closed
2015-10-11 16:19:06,762 switch gpio05 anemometer closed
2015-10-11 16:19:07,265 switch gpio05 anemometer closed
2015-10-11 16:19:07,817 switch gpio05 anemometer closed
2015-10-11 16:19:08,372 switch gpio05 anemometer closed
2015-10-11 16:19:08,975 switch gpio05 anemometer closed
2015-10-11 16:19:09,527 switch gpio05 anemometer closed
2015-10-11 16:19:10,129 switch gpio05 anemometer closed
2015-10-11 16:19:10,732 switch gpio05 anemometer closed
2015-10-11 16:19:11,335 switch gpio05 anemometer closed
2015-10-11 16:19:11,887 switch gpio05 anemometer closed
2015-10-11 16:19:12,540 switch gpio05 anemometer closed
2015-10-11 16:19:13,192 switch gpio05 anemometer closed
2015-10-11 16:19:13,845 switch gpio05 anemometer closed
2015-10-11 16:19:14,498 switch gpio05 anemometer closed
2015-10-11 16:19:15,150 switch gpio05 anemometer closed
2015-10-11 16:19:15,753 switch gpio05 anemometer closed
2015-10-11 16:19:16,356 switch gpio05 anemometer closed
2015-10-11 16:19:17,008 switch gpio05 anemometer closed
2015-10-11 16:19:17,611 switch gpio05 anemometer closed
2015-10-11 16:19:18,213 switch gpio05 anemometer closed
2015-10-11 16:19:18,821 switch gpio05 anemometer closed
2015-10-11 16:19:19,423 switch gpio05 anemometer closed
2015-10-11 16:19:20,126 switch gpio05 anemometer closed
2015-10-11 16:19:20,779 switch gpio05 anemometer closed
2015-10-11 16:19:21,431 switch gpio05 anemometer closed
2015-10-11 16:19:22,034 switch gpio05 anemometer closed
2015-10-11 16:19:22,686 switch gpio05 anemometer closed
2015-10-11 16:19:23,289 switch gpio05 anemometer closed
2015-10-11 16:19:24,018 switch gpio05 anemometer closed
2015-10-11 16:19:24,721 switch gpio05 anemometer closed
2015-10-11 16:19:25,474 switch gpio05 anemometer closed
2015-10-11 16:19:26,227 switch gpio05 anemometer closed
2015-10-11 16:19:27,030 switch gpio05 anemometer closed
2015-10-11 16:19:27,883 switch gpio05 anemometer closed
2015-10-11 16:19:28,786 switch gpio05 anemometer closed
2015-10-11 16:19:29,641 switch gpio05 anemometer closed
2015-10-11 16:19:30,394 switch gpio05 anemometer closed
2015-10-11 16:19:30,997 switch gpio05 anemometer closed
2015-10-11 16:19:31,549 switch gpio05 anemometer closed
2015-10-11 16:19:32,151 switch gpio05 anemometer closed
2015-10-11 16:19:32,804 switch gpio05 anemometer closed
2015-10-11 16:19:33,457 switch gpio05 anemometer closed
2015-10-11 16:19:34,210 switch gpio05 anemometer closed
2015-10-11 16:19:34,963 switch gpio05 anemometer closed
2015-10-11 16:19:35,766 switch gpio05 anemometer closed
2015-10-11 16:19:36,619 switch gpio05 anemometer closed
2015-10-11 16:19:37,572 switch gpio05 anemometer closed
2015-10-11 16:19:38,475 switch gpio05 anemometer closed
2015-10-11 16:19:39,429 switch gpio05 anemometer closed
2015-10-11 16:19:40,440 switch gpio05 anemometer closed
2015-10-11 16:19:41,543 switch gpio05 anemometer closed
2015-10-11 16:19:42,847 switch gpio05 anemometer closed
2015-10-11 16:19:44,452 switch gpio05 anemometer closed
2015-10-11 16:19:46,513 switch gpio05 anemometer closed
2015-10-11 16:19:48,469 switch gpio05 anemometer closed
2015-10-11 16:19:50,174 switch gpio05 anemometer closed
2015-10-11 16:19:51,578 switch gpio05 anemometer closed
2015-10-11 16:19:52,732 switch gpio05 anemometer closed
2015-10-11 16:19:53,685 switch gpio05 anemometer closed
2015-10-11 16:19:54,588 switch gpio05 anemometer closed
2015-10-11 16:19:55,391 switch gpio05 anemometer closed
2015-10-11 16:19:56,197 switch gpio05 anemometer closed
2015-10-11 16:19:57,000 switch gpio05 anemometer closed
2015-10-11 16:19:57,904 switch gpio05 anemometer closed
2015-10-11 16:19:58,857 switch gpio05 anemometer closed
2015-10-11 16:19:59,860 switch gpio05 anemometer closed
2015-10-11 16:20:00,914 switch gpio05 anemometer closed
2015-10-11 16:20:01,875 switch gpio05 anemometer closed
2015-10-11 16:20:02,728 switch gpio05 anemometer closed
2015-10-11 16:20:03,481 switch gpio05 anemometer closed
2015-10-11 16:20:04,184 switch gpio05 anemometer closed
2015-10-11 16:20:04,887 switch gpio05 anemometer closed
2015-10-11 16:20:05,640 switch gpio05 anemometer closed
2015-10-11 16:20:06,342 switch gpio05 anemometer closed
2015-10-11 16:20:07,045 switch gpio05 anemometer closed
2015-10-11 16:20:07,748 switch gpio05 anemometer closed
2015-10-11 16:20:08,501 switch gpio05 anemometer closed
2015-10-11 16:20:09,204 switch gpio05 anemometer closed
2015-10-11 16:20:09,956 switch gpio05 anemometer closed
2015-10-11 16:20:10,759 switch gpio05 anemometer closed
2015-10-11 16:20:11,512 switch gpio05 anemometer closed
2015-10-11 16:20:12,270 switch gpio05 anemometer closed
2015-10-11 16:20:13,073 switch gpio05 anemometer closed
2015-10-11 16:20:13,826 switch gpio05 anemometer closed
2015-10-11 16:20:14,529 switch gpio05 anemometer closed
2015-10-11 16:20:15,231 switch gpio05 anemometer closed
2015-10-11 16:20:15,934 switch gpio05 anemometer closed
2015-10-11 16:20:16,587 switch gpio05 anemometer closed
2015-10-11 16:20:17,191 switch gpio05 anemometer closed
2015-10-11 16:20:17,844 switch gpio05 anemometer closed
2015-10-11 16:20:18,396 switch gpio05 anemometer closed
2015-10-11 16:20:18,899 switch gpio05 anemometer closed
2015-10-11 16:20:19,401 switch gpio05 anemometer closed
2015-10-11 16:20:19,903 switch gpio05 anemometer closed
2015-10-11 16:20:20,405 switch gpio05 anemometer closed
2015-10-11 16:20:20,858 switch gpio05 anemometer closed
2015-10-11 16:20:21,360 switch gpio05 anemometer closed
2015-10-11 16:20:21,863 switch gpio05 anemometer closed
2015-10-11 16:20:22,370 switch gpio05 anemometer closed
2015-10-11 16:20:22,872 switch gpio05 anemometer closed
2015-10-11 16:20:23,374 switch gpio05 anemometer closed
2015-10-11 16:20:23,877 switch gpio05 anemometer closed
2015-10-11 16:20:24,379 switch gpio05 anemometer closed
2015-10-11 16:20:24,831 switch gpio05 anemometer closed
2015-10-11 16:20:25,333 switch gpio05 anemometer closed
2015-10-11 16:20:25,836 switch gpio05 anemometer closed
2015-10-11 16:20:26,338 switch gpio05 anemometer closed
2015-10-11 16:20:26,790 switch gpio05 anemometer closed
2015-10-11 16:20:27,292 switch gpio05 anemometer closed
2015-10-11 16:20:27,745 switch gpio05 anemometer closed
2015-10-11 16:20:28,197 switch gpio05 anemometer closed
2015-10-11 16:20:28,599 switch gpio05 anemometer closed
2015-10-11 16:20:29,051 switch gpio05 anemometer closed
2015-10-11 16:20:29,453 switch gpio05 anemometer closed
2015-10-11 16:20:29,905 switch gpio05 anemometer closed
2015-10-11 16:20:30,257 switch gpio05 anemometer closed
2015-10-11 16:20:30,659 switch gpio05 anemometer closed
2015-10-11 16:20:31,061 switch gpio05 anemometer closed
2015-10-11 16:20:31,513 switch gpio05 anemometer closed
2015-10-11 16:20:31,915 switch gpio05 anemometer closed
2015-10-11 16:20:32,368 switch gpio05 anemometer closed
2015-10-11 16:20:32,825 switch gpio05 anemometer closed
2015-10-11 16:20:33,227 switch gpio05 anemometer closed
2015-10-11 16:20:33,629 switch gpio05 anemometer closed
2015-10-11 16:20:34,081 switch gpio05 anemometer closed
2015-10-11 16:20:34,483 switch gpio05 anemometer closed
2015-10-11 16:20:34,885 switch gpio05 anemometer closed
2015-10-11 16:20:35,337 switch gpio05 anemometer closed
2015-10-11 16:20:35,739 switch gpio05 anemometer closed
2015-10-11 16:20:36,142 switch gpio05 anemometer closed
2015-10-11 16:20:36,594 switch gpio05 anemometer closed
2015-10-11 16:20:36,996 switch gpio05 anemometer closed
2015-10-11 16:20:37,398 switch gpio05 anemometer closed
2015-10-11 16:20:37,852 switch gpio05 anemometer closed
2015-10-11 16:20:38,255 switch gpio05 anemometer closed
2015-10-11 16:20:38,707 switch gpio05 anemometer closed
2015-10-11 16:20:39,160 switch gpio05 anemometer closed
2015-10-11 16:20:39,613 switch gpio05 anemometer closed
2015-10-11 16:20:40,115 switch gpio05 anemometer closed
2015-10-11 16:20:40,617 switch gpio05 anemometer closed
2015-10-11 16:20:41,120 switch gpio05 anemometer closed
2015-10-11 16:20:41,572 switch gpio05 anemometer closed
2015-10-11 16:20:42,124 switch gpio05 anemometer closed
2015-10-11 16:20:42,627 switch gpio05 anemometer closed
2015-10-11 16:20:43,188 switch gpio05 anemometer closed
2015-10-11 16:20:43,691 switch gpio05 anemometer closed
2015-10-11 16:20:44,244 switch gpio05 anemometer closed
2015-10-11 16:20:44,746 switch gpio05 anemometer closed
2015-10-11 16:20:45,248 switch gpio05 anemometer closed
2015-10-11 16:20:45,800 switch gpio05 anemometer closed
2015-10-11 16:20:46,353 switch gpio05 anemometer closed
2015-10-11 16:20:46,855 switch gpio05 anemometer closed
2015-10-11 16:20:47,457 switch gpio05 anemometer closed
2015-10-11 16:20:47,960 switch gpio05 anemometer closed
2015-10-11 16:20:48,518 switch gpio05 anemometer closed
2015-10-11 16:20:49,021 switch gpio05 anemometer closed
2015-10-11 16:20:49,623 switch gpio05 anemometer closed
2015-10-11 16:20:50,226 switch gpio05 anemometer closed
2015-10-11 16:20:50,878 switch gpio05 anemometer closed
2015-10-11 16:20:51,481 switch gpio05 anemometer closed
2015-10-11 16:20:52,134 switch gpio05 anemometer closed
2015-10-11 16:20:52,786 switch gpio05 anemometer closed
2015-10-11 16:20:53,389 switch gpio05 anemometer closed
2015-10-11 16:20:53,941 switch gpio05 anemometer closed
2015-10-11 16:20:54,544 switch gpio05 anemometer closed
2015-10-11 16:20:55,096 switch gpio05 anemometer closed
2015-10-11 16:20:55,648 switch gpio05 anemometer closed
2015-10-11 16:20:56,151 switch gpio05 anemometer closed
2015-10-11 16:20:56,703 switch gpio05 anemometer closed
2015-10-11 16:20:57,206 switch gpio05 anemometer closed
2015-10-11 16:20:57,758 switch gpio05 anemometer closed
2015-10-11 16:20:58,311 switch gpio05 anemometer closed
2015-10-11 16:20:58,863 switch gpio05 anemometer closed
2015-10-11 16:20:59,420 switch gpio05 anemometer closed
2015-10-11 16:21:00,023 switch gpio05 anemometer closed
2015-10-11 16:21:00,576 switch gpio05 anemometer closed
2015-10-11 16:21:01,128 switch gpio05 anemometer closed
2015-10-11 16:21:01,680 switch gpio05 anemometer closed
2015-10-11 16:21:02,183 switch gpio05 anemometer closed
2015-10-11 16:21:02,735 switch gpio05 anemometer closed
2015-10-11 16:21:03,288 switch gpio05 anemometer closed
2015-10-11 16:21:03,840 switch gpio05 anemometer closed
2015-10-11 16:21:04,393 switch gpio05 anemometer closed
2015-10-11 16:21:04,895 switch gpio05 anemometer closed
2015-10-11 16:21:05,398 switch gpio05 anemometer closed
2015-10-11 16:21:05,900 switch gpio05 anemometer closed
2015-10-11 16:21:06,402 switch gpio05 anemometer closed
2015-10-11 16:21:06,905 switch gpio05 anemometer closed
2015-10-11 16:21:07,407 switch gpio05 anemometer closed
2015-10-11 16:21:07,909 switch gpio05 anemometer closed
2015-10-11 16:21:08,412 switch gpio05 anemometer closed
2015-10-11 16:21:08,914 switch gpio05 anemometer closed
2015-10-11 16:21:09,466 switch gpio05 anemometer closed
2015-10-11 16:21:09,977 switch gpio05 anemometer closed
2015-10-11 16:21:10,529 switch gpio05 anemometer closed
2015-10-11 16:21:11,031 switch gpio05 anemometer closed
2015-10-11 16:21:11,634 switch gpio05 anemometer closed
2015-10-11 16:21:12,186 switch gpio05 anemometer closed
2015-10-11 16:21:12,739 switch gpio05 anemometer closed
2015-10-11 16:21:13,291 switch gpio05 anemometer closed
2015-10-11 16:21:13,894 switch gpio05 anemometer closed
2015-10-11 16:21:14,496 switch gpio05 anemometer closed
2015-10-11 16:21:15,101 switch gpio05 anemometer closed
2015-10-11 16:21:15,703 switch gpio05 anemometer closed
2015-10-11 16:21:16,356 switch gpio05 anemometer closed
2015-10-11 16:21:16,958 switch gpio05 anemometer closed
2015-10-11 16:21:17,661 switch gpio05 anemometer closed
2015-10-11 16:21:18,314 switch gpio05 anemometer closed
2015-10-11 16:21:19,016 switch gpio05 anemometer closed
2015-10-11 16:21:19,719 switch gpio05 anemometer closed
2015-10-11 16:21:20,426 switch gpio05 anemometer closed
2015-10-11 16:21:21,079 switch gpio05 anemometer closed
2015-10-11 16:21:21,731 switch gpio05 anemometer closed
2015-10-11 16:21:22,284 switch gpio05 anemometer closed
2015-10-11 16:21:22,886 switch gpio05 anemometer closed
2015-10-11 16:21:23,489 switch gpio05 anemometer closed
2015-10-11 16:21:24,041 switch gpio05 anemometer closed
2015-10-11 16:21:24,543 switch gpio05 anemometer closed
2015-10-11 16:21:25,096 switch gpio05 anemometer closed
2015-10-11 16:21:25,600 switch gpio05 anemometer closed
2015-10-11 16:21:26,152 switch gpio05 anemometer closed
2015-10-11 16:21:26,655 switch gpio05 anemometer closed
2015-10-11 16:21:27,207 switch gpio05 anemometer closed
2015-10-11 16:21:27,760 switch gpio05 anemometer closed
2015-10-11 16:21:28,312 switch gpio05 anemometer closed
2015-10-11 16:21:28,865 switch gpio05 anemometer closed
2015-10-11 16:21:29,467 switch gpio05 anemometer closed
2015-10-11 16:21:30,070 switch gpio05 anemometer closed
2015-10-11 16:21:30,722 switch gpio05 anemometer closed
2015-10-11 16:21:31,329 switch gpio05 anemometer closed
2015-10-11 16:21:31,982 switch gpio05 anemometer closed
2015-10-11 16:21:32,635 switch gpio05 anemometer closed
2015-10-11 16:21:33,237 switch gpio05 anemometer closed
2015-10-11 16:21:33,790 switch gpio05 anemometer closed
2015-10-11 16:21:34,392 switch gpio05 anemometer closed
2015-10-11 16:21:34,945 switch gpio05 anemometer closed
2015-10-11 16:21:35,547 switch gpio05 anemometer closed
2015-10-11 16:21:36,200 switch gpio05 anemometer closed
2015-10-11 16:21:36,852 switch gpio05 anemometer closed
2015-10-11 16:21:37,555 switch gpio05 anemometer closed
2015-10-11 16:21:38,358 switch gpio05 anemometer closed
2015-10-11 16:21:39,161 switch gpio05 anemometer closed
2015-10-11 16:21:40,064 switch gpio05 anemometer closed
2015-10-11 16:21:41,016 switch gpio05 anemometer closed
2015-10-11 16:21:42,019 switch gpio05 anemometer closed
2015-10-11 16:21:43,030 switch gpio05 anemometer closed
2015-10-11 16:21:43,983 switch gpio05 anemometer closed
2015-10-11 16:21:44,936 switch gpio05 anemometer closed
2015-10-11 16:21:45,990 switch gpio05 anemometer closed
2015-10-11 16:21:47,043 switch gpio05 anemometer closed
2015-10-11 16:21:48,153 switch gpio05 anemometer closed
2015-10-11 16:21:49,307 switch gpio05 anemometer closed
2015-10-11 16:21:50,310 switch gpio05 anemometer closed
2015-10-11 16:21:51,264 switch gpio05 anemometer closed
2015-10-11 16:21:52,217 switch gpio05 anemometer closed
2015-10-11 16:21:53,321 switch gpio05 anemometer closed
2015-10-11 16:21:54,474 switch gpio05 anemometer closed
2015-10-11 16:21:55,778 switch gpio05 anemometer closed
2015-10-11 16:21:57,383 switch gpio05 anemometer closed
2015-10-11 16:21:59,544 switch gpio05 anemometer closed
2015-10-11 16:22:02,101 switch gpio05 anemometer closed
2015-10-11 16:22:06,211 switch gpio05 anemometer closed
2015-10-11 16:22:10,071 switch gpio05 anemometer closed
2015-10-11 16:29:06,338 switch gpio05 anemometer closed
2015-10-11 16:30:04,164 switch gpio05 anemometer closed
2015-10-11 16:34:13,625 switch gpio05 anemometer closed
2015-10-11 16:34:19,338 switch gpio05 anemometer closed
2015-10-11 16:34:22,045 switch gpio05 anemometer closed
2015-10-11 16:34:24,051 switch gpio05 anemometer closed
2015-10-11 16:34:25,906 switch gpio05 anemometer closed
2015-10-11 16:34:28,212 switch gpio05 anemometer closed
2015-10-11 16:34:30,317 switch gpio05 anemometer closed
2015-10-11 16:34:31,972 switch gpio05 anemometer closed
2015-10-11 16:34:33,326 switch gpio05 anemometer closed
2015-10-11 16:34:34,680 switch gpio05 anemometer closed
2015-10-11 16:34:36,085 switch gpio05 anemometer closed
2015-10-11 16:34:37,389 switch gpio05 anemometer closed
2015-10-11 16:34:38,642 switch gpio05 anemometer closed
2015-10-11 16:34:39,846 switch gpio05 anemometer closed
2015-10-11 16:34:41,000 switch gpio05 anemometer closed
2015-10-11 16:34:42,154 switch gpio05 anemometer closed
2015-10-11 16:34:43,358 switch gpio05 anemometer closed
2015-10-11 16:34:44,611 switch gpio05 anemometer closed
2015-10-11 16:34:45,915 switch gpio05 anemometer closed
2015-10-11 16:34:47,169 switch gpio05 anemometer closed
2015-10-11 16:34:48,373 switch gpio05 anemometer closed
2015-10-11 16:34:49,580 switch gpio05 anemometer closed
2015-10-11 16:34:50,684 switch gpio05 anemometer closed
2015-10-11 16:34:51,737 switch gpio05 anemometer closed
2015-10-11 16:34:52,690 switch gpio05 anemometer closed
2015-10-11 16:34:53,644 switch gpio05 anemometer closed
2015-10-11 16:34:54,599 switch gpio05 anemometer closed
2015-10-11 16:34:55,603 switch gpio05 anemometer closed
2015-10-11 16:34:56,606 switch gpio05 anemometer closed
2015-10-11 16:34:57,609 switch gpio05 anemometer closed
2015-10-11 16:34:58,713 switch gpio05 anemometer closed
2015-10-11 16:34:59,870 switch gpio05 anemometer closed
2015-10-11 16:35:01,024 switch gpio05 anemometer closed
2015-10-11 16:35:02,227 switch gpio05 anemometer closed
2015-10-11 16:35:03,382 switch gpio05 anemometer closed
2015-10-11 16:35:04,586 switch gpio05 anemometer closed
2015-10-11 16:35:05,689 switch gpio05 anemometer closed
2015-10-11 16:35:06,793 switch gpio05 anemometer closed
2015-10-11 16:35:07,847 switch gpio05 anemometer closed
2015-10-11 16:35:08,900 switch gpio05 anemometer closed
2015-10-11 16:35:09,954 switch gpio05 anemometer closed
2015-10-11 16:35:11,014 switch gpio05 anemometer closed
2015-10-11 16:35:12,117 switch gpio05 anemometer closed
2015-10-11 16:35:13,271 switch gpio05 anemometer closed
2015-10-11 16:35:14,425 switch gpio05 anemometer closed
2015-10-11 16:35:15,729 switch gpio05 anemometer closed
2015-10-11 16:35:17,083 switch gpio05 anemometer closed
2015-10-11 16:35:18,742 switch gpio05 anemometer closed
2015-10-11 16:35:20,548 switch gpio05 anemometer closed
2015-10-11 16:35:22,503 switch gpio05 anemometer closed
2015-10-11 16:35:24,559 switch gpio05 anemometer closed
2015-10-11 16:35:27,166 switch gpio05 anemometer closed
2015-10-11 16:35:30,426 switch gpio05 anemometer closed
2015-10-11 16:36:01,344 switch gpio05 anemometer closed
2015-10-11 16:37:07,335 switch gpio05 anemometer closed
2015-10-11 16:37:08,990 switch gpio05 anemometer closed
2015-10-11 16:37:10,044 switch gpio05 anemometer closed
2015-10-11 16:37:10,947 switch gpio05 anemometer closed
2015-10-11 16:37:11,750 switch gpio05 anemometer closed
2015-10-11 16:37:12,503 switch gpio05 anemometer closed
2015-10-11 16:37:13,160 switch gpio05 anemometer closed
2015-10-11 16:37:13,762 switch gpio05 anemometer closed
2015-10-11 16:37:14,265 switch gpio05 anemometer closed
2015-10-11 16:37:14,817 switch gpio05 anemometer closed
2015-10-11 16:37:15,319 switch gpio05 anemometer closed
2015-10-11 16:37:15,822 switch gpio05 anemometer closed
2015-10-11 16:37:16,324 switch gpio05 anemometer closed
2015-10-11 16:37:16,876 switch gpio05 anemometer closed
2015-10-11 16:37:17,378 switch gpio05 anemometer closed
2015-10-11 16:37:17,881 switch gpio05 anemometer closed
2015-10-11 16:37:18,438 switch gpio05 anemometer closed
2015-10-11 16:37:18,940 switch gpio05 anemometer closed
2015-10-11 16:37:19,442 switch gpio05 anemometer closed
2015-10-11 16:37:19,945 switch gpio05 anemometer closed
2015-10-11 16:37:20,447 switch gpio05 anemometer closed
2015-10-11 16:37:20,949 switch gpio05 anemometer closed
2015-10-11 16:37:21,451 switch gpio05 anemometer closed
2015-10-11 16:37:21,954 switch gpio05 anemometer closed
2015-10-11 16:37:22,456 switch gpio05 anemometer closed
2015-10-11 16:37:22,958 switch gpio05 anemometer closed
2015-10-11 16:37:23,413 switch gpio05 anemometer closed
2015-10-11 16:37:23,915 switch gpio05 anemometer closed
2015-10-11 16:37:24,418 switch gpio05 anemometer closed
2015-10-11 16:37:24,920 switch gpio05 anemometer closed
2015-10-11 16:37:25,422 switch gpio05 anemometer closed
2015-10-11 16:37:25,875 switch gpio05 anemometer closed
2015-10-11 16:37:26,377 switch gpio05 anemometer closed
2015-10-11 16:37:26,829 switch gpio05 anemometer closed
2015-10-11 16:37:27,281 switch gpio05 anemometer closed
2015-10-11 16:37:27,734 switch gpio05 anemometer closed
2015-10-11 16:37:28,186 switch gpio05 anemometer closed
2015-10-11 16:37:28,638 switch gpio05 anemometer closed
2015-10-11 16:37:29,091 switch gpio05 anemometer closed
2015-10-11 16:37:29,543 switch gpio05 anemometer closed
2015-10-11 16:37:29,995 switch gpio05 anemometer closed
2015-10-11 16:37:30,447 switch gpio05 anemometer closed
2015-10-11 16:37:30,900 switch gpio05 anemometer closed
2015-10-11 16:37:31,302 switch gpio05 anemometer closed
2015-10-11 16:37:31,754 switch gpio05 anemometer closed
2015-10-11 16:37:32,156 switch gpio05 anemometer closed
2015-10-11 16:37:32,559 switch gpio05 anemometer closed
2015-10-11 16:37:32,961 switch gpio05 anemometer closed
2015-10-11 16:37:33,363 switch gpio05 anemometer closed
2015-10-11 16:37:33,768 switch gpio05 anemometer closed
2015-10-11 16:37:34,220 switch gpio05 anemometer closed
2015-10-11 16:37:34,622 switch gpio05 anemometer closed
2015-10-11 16:37:35,074 switch gpio05 anemometer closed
2015-10-11 16:37:35,527 switch gpio05 anemometer closed
2015-10-11 16:37:36,031 switch gpio05 anemometer closed
2015-10-11 16:37:36,583 switch gpio05 anemometer closed
2015-10-11 16:37:37,136 switch gpio05 anemometer closed
2015-10-11 16:37:37,738 switch gpio05 anemometer closed
2015-10-11 16:37:38,391 switch gpio05 anemometer closed
2015-10-11 16:37:38,993 switch gpio05 anemometer closed
2015-10-11 16:37:39,596 switch gpio05 anemometer closed
2015-10-11 16:37:40,148 switch gpio05 anemometer closed
2015-10-11 16:37:40,651 switch gpio05 anemometer closed
2015-10-11 16:37:41,114 switch gpio05 anemometer closed
2015-10-11 16:37:41,667 switch gpio05 anemometer closed
2015-10-11 16:37:42,169 switch gpio05 anemometer closed
2015-10-11 16:37:42,721 switch gpio05 anemometer closed
2015-10-11 16:37:43,224 switch gpio05 anemometer closed
2015-10-11 16:37:43,776 switch gpio05 anemometer closed
2015-10-11 16:37:44,379 switch gpio05 anemometer closed
2015-10-11 16:37:45,032 switch gpio05 anemometer closed
2015-10-11 16:37:45,684 switch gpio05 anemometer closed
2015-10-11 16:37:46,239 switch gpio05 anemometer closed
2015-10-11 16:37:46,841 switch gpio05 anemometer closed
2015-10-11 16:37:47,494 switch gpio05 anemometer closed
2015-10-11 16:37:48,196 switch gpio05 anemometer closed
2015-10-11 16:37:48,949 switch gpio05 anemometer closed
2015-10-11 16:37:49,752 switch gpio05 anemometer closed
2015-10-11 16:37:50,455 switch gpio05 anemometer closed
2015-10-11 16:37:51,207 switch gpio05 anemometer closed
2015-10-11 16:37:51,960 switch gpio05 anemometer closed
2015-10-11 16:37:52,813 switch gpio05 anemometer closed
2015-10-11 16:37:53,667 switch gpio05 anemometer closed
2015-10-11 16:37:54,620 switch gpio05 anemometer closed
2015-10-11 16:37:55,573 switch gpio05 anemometer closed
2015-10-11 16:37:56,527 switch gpio05 anemometer closed
2015-10-11 16:37:57,535 switch gpio05 anemometer closed
2015-10-11 16:37:58,689 switch gpio05 anemometer closed
2015-10-11 16:37:59,943 switch gpio05 anemometer closed
2015-10-11 16:38:00,896 switch gpio05 anemometer closed
2015-10-11 16:38:01,699 switch gpio05 anemometer closed
2015-10-11 16:38:02,457 switch gpio05 anemometer closed
2015-10-11 16:38:03,260 switch gpio05 anemometer closed
2015-10-11 16:38:04,013 switch gpio05 anemometer closed
2015-10-11 16:38:04,916 switch gpio05 anemometer closed
2015-10-11 16:38:05,920 switch gpio05 anemometer closed
2015-10-11 16:38:07,123 switch gpio05 anemometer closed
2015-10-11 16:38:08,678 switch gpio05 anemometer closed
2015-10-11 16:38:10,634 switch gpio05 anemometer closed
2015-10-11 16:38:11,888 switch gpio05 anemometer closed
2015-10-11 16:38:12,991 switch gpio05 anemometer closed
2015-10-11 16:38:14,147 switch gpio05 anemometer closed
2015-10-11 16:38:15,401 switch gpio05 anemometer closed
2015-10-11 16:38:16,855 switch gpio05 anemometer closed
2015-10-11 16:38:18,560 switch gpio05 anemometer closed
2015-10-11 16:38:20,365 switch gpio05 anemometer closed
2015-10-11 16:38:22,471 switch gpio05 anemometer closed
2015-10-11 16:38:24,477 switch gpio05 anemometer closed
2015-10-11 16:38:26,232 switch gpio05 anemometer closed
2015-10-11 16:38:27,636 switch gpio05 anemometer closed
2015-10-11 16:38:29,091 switch gpio05 anemometer closed
2015-10-11 16:38:30,445 switch gpio05 anemometer closed
2015-10-11 16:38:31,999 switch gpio05 anemometer closed
2015-10-11 16:38:34,005 switch gpio05 anemometer closed
2015-10-11 16:38:36,211 switch gpio05 anemometer closed
2015-10-11 16:38:38,367 switch gpio05 anemometer closed
2015-10-11 16:38:41,725 switch gpio05 anemometer closed
2015-10-11 16:38:44,142 switch gpio05 anemometer closed
2015-10-11 16:38:47,300 switch gpio05 anemometer closed
2015-10-11 16:38:50,207 switch gpio05 anemometer closed
2015-10-11 16:38:53,966 switch gpio05 anemometer closed
2015-10-11 16:38:57,776 switch gpio05 anemometer closed
2015-10-11 16:39:01,184 switch gpio05 anemometer closed
2015-10-11 16:39:04,343 switch gpio05 anemometer closed
2015-10-11 16:39:08,654 switch gpio05 anemometer closed
2015-10-11 16:39:36,014 switch gpio05 anemometer closed
2015-10-11 16:39:40,024 switch gpio05 anemometer closed
2015-10-11 16:39:41,980 switch gpio05 anemometer closed
2015-10-11 16:39:43,986 switch gpio05 anemometer closed
2015-10-11 16:39:45,841 switch gpio05 anemometer closed
2015-10-11 16:39:48,047 switch gpio05 anemometer closed
2015-10-11 16:39:51,656 switch gpio05 anemometer closed
2015-10-11 16:41:28,766 switch gpio05 anemometer closed
2015-10-11 16:41:30,772 switch gpio05 anemometer closed
2015-10-11 16:41:32,326 switch gpio05 anemometer closed
2015-10-11 16:41:33,531 switch gpio05 anemometer closed
2015-10-11 16:41:34,635 switch gpio05 anemometer closed
2015-10-11 16:41:35,739 switch gpio05 anemometer closed
2015-10-11 16:41:36,792 switch gpio05 anemometer closed
2015-10-11 16:41:37,796 switch gpio05 anemometer closed
2015-10-11 16:41:38,749 switch gpio05 anemometer closed
2015-10-11 16:41:39,703 switch gpio05 anemometer closed
2015-10-11 16:41:40,612 switch gpio05 anemometer closed
2015-10-11 16:41:41,616 switch gpio05 anemometer closed
2015-10-11 16:41:42,669 switch gpio05 anemometer closed
2015-10-11 16:41:43,723 switch gpio05 anemometer closed
2015-10-11 16:41:44,778 switch gpio05 anemometer closed
2015-10-11 16:41:45,790 switch gpio05 anemometer closed
2015-10-11 16:41:46,794 switch gpio05 anemometer closed
2015-10-11 16:41:47,847 switch gpio05 anemometer closed
2015-10-11 16:41:48,901 switch gpio05 anemometer closed
2015-10-11 16:41:50,004 switch gpio05 anemometer closed
2015-10-11 16:41:51,210 switch gpio05 anemometer closed
2015-10-11 16:41:52,464 switch gpio05 anemometer closed
2015-10-11 16:41:53,819 switch gpio05 anemometer closed
2015-10-11 16:41:55,223 switch gpio05 anemometer closed
2015-10-11 16:41:56,829 switch gpio05 anemometer closed
2015-10-11 16:41:58,735 switch gpio05 anemometer closed
2015-10-11 16:42:01,943 switch gpio05 anemometer closed
2015-10-11 16:42:04,801 switch gpio05 anemometer closed
2015-10-11 16:42:08,109 switch gpio05 anemometer closed
2015-10-11 16:42:11,067 switch gpio05 anemometer closed
2015-10-11 16:42:13,874 switch gpio05 anemometer closed
2015-10-11 16:42:16,635 switch gpio05 anemometer closed
2015-10-11 16:42:20,194 switch gpio05 anemometer closed
2015-10-11 16:42:23,101 switch gpio05 anemometer closed
2015-10-11 16:42:26,460 switch gpio05 anemometer closed
2015-10-11 16:42:29,167 switch gpio05 anemometer closed
2015-10-11 16:42:31,773 switch gpio05 anemometer closed
2015-10-11 16:42:34,083 switch gpio05 anemometer closed
2015-10-11 16:42:36,440 switch gpio05 anemometer closed
2015-10-11 16:42:38,345 switch gpio05 anemometer closed
2015-10-11 16:42:40,301 switch gpio05 anemometer closed
2015-10-11 16:42:42,056 switch gpio05 anemometer closed
2015-10-11 16:42:43,711 switch gpio05 anemometer closed
2015-10-11 16:42:45,225 switch gpio05 anemometer closed
2015-10-11 16:42:46,629 switch gpio05 anemometer closed
2015-10-11 16:42:48,033 switch gpio05 anemometer closed
2015-10-11 16:42:49,538 switch gpio05 anemometer closed
2015-10-11 16:42:51,193 switch gpio05 anemometer closed
2015-10-11 16:42:52,948 switch gpio05 anemometer closed
2015-10-11 16:42:54,653 switch gpio05 anemometer closed
2015-10-11 16:42:56,210 switch gpio05 anemometer closed
2015-10-11 16:42:57,714 switch gpio05 anemometer closed
2015-10-11 16:42:59,168 switch gpio05 anemometer closed
2015-10-11 16:43:00,623 switch gpio05 anemometer closed
2015-10-11 16:43:02,077 switch gpio05 anemometer closed
2015-10-11 16:43:03,582 switch gpio05 anemometer closed
2015-10-11 16:43:05,387 switch gpio05 anemometer closed
2015-10-11 16:43:07,342 switch gpio05 anemometer closed
2015-10-11 16:43:09,599 switch gpio05 anemometer closed
2015-10-11 16:43:11,705 switch gpio05 anemometer closed
2015-10-11 16:43:13,961 switch gpio05 anemometer closed
2015-10-11 16:43:15,917 switch gpio05 anemometer closed
2015-10-11 16:43:17,973 switch gpio05 anemometer closed
2015-10-11 16:43:19,778 switch gpio05 anemometer closed
2015-10-11 16:43:21,784 switch gpio05 anemometer closed
2015-10-11 16:43:23,789 switch gpio05 anemometer closed
2015-10-11 16:43:26,697 switch gpio05 anemometer closed
2015-10-11 16:43:29,003 switch gpio05 anemometer closed
2015-10-11 16:43:31,009 switch gpio05 anemometer closed
2015-10-11 16:43:32,864 switch gpio05 anemometer closed
2015-10-11 16:43:34,819 switch gpio05 anemometer closed
2015-10-11 16:43:36,725 switch gpio05 anemometer closed
2015-10-11 16:43:39,232 switch gpio05 anemometer closed
2015-10-11 16:43:41,840 switch gpio05 anemometer closed
2015-10-11 16:43:45,699 switch gpio05 anemometer closed
2015-10-11 16:43:49,409 switch gpio05 anemometer closed
2015-10-11 16:44:30,296 switch gpio05 anemometer closed
2015-10-11 16:44:41,972 switch gpio05 anemometer closed
2015-10-11 16:44:45,481 switch gpio05 anemometer closed
2015-10-11 16:44:48,999 switch gpio05 anemometer closed
2015-10-11 16:44:51,806 switch gpio05 anemometer closed
2015-10-11 16:44:55,565 switch gpio05 anemometer closed
2015-10-11 16:44:58,122 switch gpio05 anemometer closed
2015-10-11 16:45:01,029 switch gpio05 anemometer closed
2015-10-11 16:45:03,536 switch gpio05 anemometer closed
2015-10-11 16:45:06,949 switch gpio05 anemometer closed
2015-10-11 16:45:10,057 switch gpio05 anemometer closed
2015-10-11 16:45:14,217 switch gpio05 anemometer closed
2015-10-11 16:45:17,275 switch gpio05 anemometer closed
2015-10-11 16:45:20,884 switch gpio05 anemometer closed
2015-10-11 16:45:23,591 switch gpio05 anemometer closed
2015-10-11 16:45:27,350 switch gpio05 anemometer closed
2015-10-11 16:45:30,308 switch gpio05 anemometer closed
2015-10-11 16:45:33,516 switch gpio05 anemometer closed
2015-10-11 16:45:36,373 switch gpio05 anemometer closed
2015-10-11 16:45:47,950 switch gpio05 anemometer closed
2015-10-11 16:45:51,309 switch gpio05 anemometer closed
2015-10-11 16:45:55,620 switch gpio05 anemometer closed
2015-10-11 16:45:58,678 switch gpio05 anemometer closed
2015-10-11 16:46:03,540 switch gpio05 anemometer closed
2015-10-11 16:46:07,801 switch gpio05 anemometer closed
2015-10-11 16:47:13,545 switch gpio05 anemometer closed
2015-10-11 16:47:16,002 switch gpio05 anemometer closed
2015-10-11 16:47:17,707 switch gpio05 anemometer closed
2015-10-11 16:47:18,911 switch gpio05 anemometer closed
2015-10-11 16:47:20,115 switch gpio05 anemometer closed
2015-10-11 16:47:21,219 switch gpio05 anemometer closed
2015-10-11 16:47:22,423 switch gpio05 anemometer closed
2015-10-11 16:47:23,627 switch gpio05 anemometer closed
2015-10-11 16:47:24,981 switch gpio05 anemometer closed
2015-10-11 16:47:26,485 switch gpio05 anemometer closed
2015-10-11 16:47:28,090 switch gpio05 anemometer closed
2015-10-11 16:47:29,494 switch gpio05 anemometer closed
2015-10-11 16:47:30,748 switch gpio05 anemometer closed
2015-10-11 16:47:31,952 switch gpio05 anemometer closed
2015-10-11 16:47:33,056 switch gpio05 anemometer closed
2015-10-11 16:47:34,210 switch gpio05 anemometer closed
2015-10-11 16:47:35,263 switch gpio05 anemometer closed
2015-10-11 16:47:36,216 switch gpio05 anemometer closed
2015-10-11 16:47:37,069 switch gpio05 anemometer closed
2015-10-11 16:47:37,973 switch gpio05 anemometer closed
2015-10-11 16:47:38,776 switch gpio05 anemometer closed
2015-10-11 16:47:39,528 switch gpio05 anemometer closed
2015-10-11 16:47:40,281 switch gpio05 anemometer closed
2015-10-11 16:47:41,037 switch gpio05 anemometer closed
2015-10-11 16:47:41,790 switch gpio05 anemometer closed
2015-10-11 16:47:42,493 switch gpio05 anemometer closed
2015-10-11 16:47:43,096 switch gpio05 anemometer closed
2015-10-11 16:47:43,699 switch gpio05 anemometer closed
2015-10-11 16:47:44,251 switch gpio05 anemometer closed
2015-10-11 16:47:44,804 switch gpio05 anemometer closed
2015-10-11 16:47:45,356 switch gpio05 anemometer closed
2015-10-11 16:47:45,865 switch gpio05 anemometer closed
2015-10-11 16:47:46,418 switch gpio05 anemometer closed
2015-10-11 16:47:46,970 switch gpio05 anemometer closed
2015-10-11 16:47:47,523 switch gpio05 anemometer closed
2015-10-11 16:47:48,125 switch gpio05 anemometer closed
2015-10-11 16:47:48,728 switch gpio05 anemometer closed
2015-10-11 16:47:49,380 switch gpio05 anemometer closed
2015-10-11 16:47:50,033 switch gpio05 anemometer closed
2015-10-11 16:47:50,685 switch gpio05 anemometer closed
2015-10-11 16:47:51,338 switch gpio05 anemometer closed
2015-10-11 16:47:51,991 switch gpio05 anemometer closed
2015-10-11 16:47:52,644 switch gpio05 anemometer closed
2015-10-11 16:47:53,346 switch gpio05 anemometer closed
2015-10-11 16:47:54,049 switch gpio05 anemometer closed
2015-10-11 16:47:54,852 switch gpio05 anemometer closed
2015-10-11 16:47:55,606 switch gpio05 anemometer closed
2015-10-11 16:47:56,409 switch gpio05 anemometer closed
2015-10-11 16:47:57,161 switch gpio05 anemometer closed
2015-10-11 16:47:57,965 switch gpio05 anemometer closed
2015-10-11 16:47:58,718 switch gpio05 anemometer closed
2015-10-11 16:47:59,521 switch gpio05 anemometer closed
2015-10-11 16:48:00,273 switch gpio05 anemometer closed
2015-10-11 16:48:00,926 switch gpio05 anemometer closed
2015-10-11 16:48:01,529 switch gpio05 anemometer closed
2015-10-11 16:48:02,081 switch gpio05 anemometer closed
2015-10-11 16:48:02,684 switch gpio05 anemometer closed
2015-10-11 16:48:03,238 switch gpio05 anemometer closed
2015-10-11 16:48:03,791 switch gpio05 anemometer closed
2015-10-11 16:48:04,343 switch gpio05 anemometer closed
2015-10-11 16:48:04,896 switch gpio05 anemometer closed
2015-10-11 16:48:05,498 switch gpio05 anemometer closed
2015-10-11 16:48:06,151 switch gpio05 anemometer closed
2015-10-11 16:48:06,753 switch gpio05 anemometer closed
2015-10-11 16:48:07,406 switch gpio05 anemometer closed
2015-10-11 16:48:08,109 switch gpio05 anemometer closed
2015-10-11 16:48:08,865 switch gpio05 anemometer closed
2015-10-11 16:48:09,618 switch gpio05 anemometer closed
2015-10-11 16:48:10,371 switch gpio05 anemometer closed
2015-10-11 16:48:11,174 switch gpio05 anemometer closed
2015-10-11 16:48:11,927 switch gpio05 anemometer closed
2015-10-11 16:48:12,730 switch gpio05 anemometer closed
2015-10-11 16:48:13,483 switch gpio05 anemometer closed
2015-10-11 16:48:14,340 switch gpio05 anemometer closed
2015-10-11 16:48:15,194 switch gpio05 anemometer closed
2015-10-11 16:48:16,147 switch gpio05 anemometer closed
2015-10-11 16:48:17,101 switch gpio05 anemometer closed
2015-10-11 16:48:18,154 switch gpio05 anemometer closed
2015-10-11 16:48:19,358 switch gpio05 anemometer closed
2015-10-11 16:48:20,712 switch gpio05 anemometer closed
2015-10-11 16:48:22,467 switch gpio05 anemometer closed
2015-10-11 16:48:24,473 switch gpio05 anemometer closed
2015-10-11 16:48:28,283 switch gpio05 anemometer closed
2015-10-11 16:48:31,140 switch gpio05 anemometer closed
2015-10-11 16:48:33,697 switch gpio05 anemometer closed
2015-10-11 16:48:35,505 switch gpio05 anemometer closed
2015-10-11 16:48:37,160 switch gpio05 anemometer closed
2015-10-11 16:48:39,015 switch gpio05 anemometer closed
2015-10-11 16:48:41,572 switch gpio05 anemometer closed
2015-10-11 16:48:44,480 switch gpio05 anemometer closed
2015-10-11 16:49:01,217 switch gpio05 anemometer closed
2015-10-11 16:49:58,641 switch gpio05 anemometer closed
2015-10-11 16:50:01,448 switch gpio05 anemometer closed
2015-10-11 16:50:03,755 switch gpio05 anemometer closed
2015-10-11 16:50:05,860 switch gpio05 anemometer closed
2015-10-11 16:50:17,686 switch gpio05 anemometer closed
2015-10-11 16:50:21,646 switch gpio05 anemometer closed
2015-10-11 16:50:25,906 switch gpio05 anemometer closed
2015-10-11 16:50:29,516 switch gpio05 anemometer closed
2015-10-11 16:50:34,879 switch gpio05 anemometer closed
2015-10-11 16:50:38,188 switch gpio05 anemometer closed
